# JRE version: OpenJDK Runtime Environment (11.0.8+10) (build 11.0.8+10-b944.6842174)
# Java VM: OpenJDK 64-Bit Server VM (11.0.8+10-b944.6842174, mixed mode, tiered, compressed oops, g1 gc, windows-amd64)
Heap:
 garbage-first heap   total 302080K, used 204745K [0x00000000e0000000, 0x0000000100000000)
  region size 1024K, 4 young (4096K), 4 survivors (4096K)
 Metaspace       used 109401K, capacity 112282K, committed 115664K, reserved 354304K
  class space    used 13781K, capacity 14827K, committed 16256K, reserved 253952K
GC Heap History (20 events):
Event: 126.439 GC heap after
{Heap after GC invocations=46 (full 0):
 garbage-first heap   total 262144K, used 185929K [0x00000000e0000000, 0x0000000100000000)
  region size 1024K, 6 young (6144K), 6 survivors (6144K)
 Metaspace       used 111388K, capacity 115356K, committed 115664K, reserved 354304K
  class space    used 14506K, capacity 16143K, committed 16256K, reserved 253952K
}
Event: 126.607 GC heap before
{Heap before GC invocations=47 (full 0):
 garbage-first heap   total 262144K, used 219721K [0x00000000e0000000, 0x0000000100000000)
  region size 1024K, 40 young (40960K), 6 survivors (6144K)
 Metaspace       used 109303K, capacity 112135K, committed 115664K, reserved 354304K
  class space    used 13777K, capacity 14826K, committed 16256K, reserved 253952K
}
Event: 126.610 GC heap after
{Heap after GC invocations=48 (full 0):
 garbage-first heap   total 262144K, used 191091K [0x00000000e0000000, 0x0000000100000000)
  region size 1024K, 5 young (5120K), 5 survivors (5120K)
 Metaspace       used 109303K, capacity 112135K, committed 115664K, reserved 354304K
  class space    used 13777K, capacity 14826K, committed 16256K, reserved 253952K
}
Event: 126.639 GC heap before
{Heap before GC invocations=48 (full 0):
 garbage-first heap   total 262144K, used 197235K [0x00000000e0000000, 0x0000000100000000)
  region size 1024K, 12 young (12288K), 5 survivors (5120K)
 Metaspace       used 109303K, capacity 112135K, committed 115664K, reserved 354304K
  class space    used 13777K, capacity 14826K, committed 16256K, reserved 253952K
}
Event: 126.644 GC heap after
{Heap after GC invocations=49 (full 0):
 garbage-first heap   total 262144K, used 168439K [0x00000000e0000000, 0x0000000100000000)
  region size 1024K, 2 young (2048K), 2 survivors (2048K)
 Metaspace       used 109303K, capacity 112135K, committed 115664K, reserved 354304K
  class space    used 13777K, capacity 14826K, committed 16256K, reserved 253952K
}
Event: 126.688 GC heap before
{Heap before GC invocations=49 (full 0):
 garbage-first heap   total 262144K, used 177655K [0x00000000e0000000, 0x0000000100000000)
  region size 1024K, 12 young (12288K), 2 survivors (2048K)
 Metaspace       used 109305K, capacity 112135K, committed 115664K, reserved 354304K
  class space    used 13777K, capacity 14826K, committed 16256K, reserved 253952K
}
Event: 126.700 GC heap after
{Heap after GC invocations=50 (full 0):
 garbage-first heap   total 262144K, used 156797K [0x00000000e0000000, 0x0000000100000000)
  region size 1024K, 2 young (2048K), 2 survivors (2048K)
 Metaspace       used 109305K, capacity 112135K, committed 115664K, reserved 354304K
  class space    used 13777K, capacity 14826K, committed 16256K, reserved 253952K
}
Event: 126.908 GC heap before
{Heap before GC invocations=50 (full 0):
 garbage-first heap   total 262144K, used 202877K [0x00000000e0000000, 0x0000000100000000)
  region size 1024K, 47 young (48128K), 2 survivors (2048K)
 Metaspace       used 109305K, capacity 112135K, committed 115664K, reserved 354304K
  class space    used 13777K, capacity 14826K, committed 16256K, reserved 253952K
}
Event: 126.914 GC heap after
{Heap after GC invocations=51 (full 0):
 garbage-first heap   total 262144K, used 166478K [0x00000000e0000000, 0x0000000100000000)
  region size 1024K, 6 young (6144K), 6 survivors (6144K)
 Metaspace       used 109305K, capacity 112135K, committed 115664K, reserved 354304K
  class space    used 13777K, capacity 14826K, committed 16256K, reserved 253952K
}
Event: 127.147 GC heap before
{Heap before GC invocations=51 (full 0):
 garbage-first heap   total 262144K, used 209486K [0x00000000e0000000, 0x0000000100000000)
  region size 1024K, 48 young (49152K), 6 survivors (6144K)
 Metaspace       used 109305K, capacity 112135K, committed 115664K, reserved 354304K
  class space    used 13777K, capacity 14826K, committed 16256K, reserved 253952K
}
Event: 127.152 GC heap after
{Heap after GC invocations=52 (full 0):
 garbage-first heap   total 262144K, used 174399K [0x00000000e0000000, 0x0000000100000000)
  region size 1024K, 6 young (6144K), 6 survivors (6144K)
 Metaspace       used 109305K, capacity 112135K, committed 115664K, reserved 354304K
  class space    used 13777K, capacity 14826K, committed 16256K, reserved 253952K
}
Event: 127.353 GC heap before
{Heap before GC invocations=53 (full 0):
 garbage-first heap   total 262144K, used 214335K [0x00000000e0000000, 0x0000000100000000)
  region size 1024K, 45 young (46080K), 6 survivors (6144K)
 Metaspace       used 109375K, capacity 112150K, committed 115664K, reserved 354304K
  class space    used 13781K, capacity 14827K, committed 16256K, reserved 253952K
}
Event: 127.371 GC heap after
{Heap after GC invocations=54 (full 0):
 garbage-first heap   total 262144K, used 185312K [0x00000000e0000000, 0x0000000100000000)
  region size 1024K, 6 young (6144K), 6 survivors (6144K)
 Metaspace       used 109375K, capacity 112150K, committed 115664K, reserved 354304K
  class space    used 13781K, capacity 14827K, committed 16256K, reserved 253952K
}
Event: 127.403 GC heap before
{Heap before GC invocations=54 (full 0):
 garbage-first heap   total 262144K, used 190432K [0x00000000e0000000, 0x0000000100000000)
  region size 1024K, 12 young (12288K), 6 survivors (6144K)
 Metaspace       used 109385K, capacity 112150K, committed 115664K, reserved 354304K
  class space    used 13781K, capacity 14827K, committed 16256K, reserved 253952K
}
Event: 127.420 GC heap after
{Heap after GC invocations=55 (full 0):
 garbage-first heap   total 262144K, used 182638K [0x00000000e0000000, 0x0000000100000000)
  region size 1024K, 2 young (2048K), 2 survivors (2048K)
 Metaspace       used 109385K, capacity 112150K, committed 115664K, reserved 354304K
  class space    used 13781K, capacity 14827K, committed 16256K, reserved 253952K
}
Event: 127.554 GC heap before
{Heap before GC invocations=55 (full 0):
 garbage-first heap   total 262144K, used 214382K [0x00000000e0000000, 0x0000000100000000)
  region size 1024K, 34 young (34816K), 2 survivors (2048K)
 Metaspace       used 109401K, capacity 112282K, committed 115664K, reserved 354304K
  class space    used 13781K, capacity 14827K, committed 16256K, reserved 253952K
}
Event: 127.578 GC heap after
{Heap after GC invocations=56 (full 0):
 garbage-first heap   total 262144K, used 191671K [0x00000000e0000000, 0x0000000100000000)
  region size 1024K, 5 young (5120K), 5 survivors (5120K)
 Metaspace       used 109401K, capacity 112282K, committed 115664K, reserved 354304K
  class space    used 13781K, capacity 14827K, committed 16256K, reserved 253952K
}
Event: 127.691 GC heap before
{Heap before GC invocations=56 (full 0):
 garbage-first heap   total 262144K, used 217271K [0x00000000e0000000, 0x0000000100000000)
  region size 1024K, 31 young (31744K), 5 survivors (5120K)
 Metaspace       used 109401K, capacity 112282K, committed 115664K, reserved 354304K
  class space    used 13781K, capacity 14827K, committed 16256K, reserved 253952K
}
Event: 127.714 GC heap after
{Heap after GC invocations=57 (full 0):
 garbage-first heap   total 262144K, used 199266K [0x00000000e0000000, 0x0000000100000000)
  region size 1024K, 4 young (4096K), 4 survivors (4096K)
 Metaspace       used 109401K, capacity 112282K, committed 115664K, reserved 354304K
  class space    used 13781K, capacity 14827K, committed 16256K, reserved 253952K
}
Event: 127.820 GC heap before
{Heap before GC invocations=57 (full 0):
 garbage-first heap   total 262144K, used 220770K [0x00000000e0000000, 0x0000000100000000)
  region size 1024K, 25 young (25600K), 4 survivors (4096K)
 Metaspace       used 109401K, capacity 112282K, committed 115664K, reserved 354304K
  class space    used 13781K, capacity 14827K, committed 16256K, reserved 253952K
}

