# JRE version: OpenJDK Runtime Environment (11.0.8+10) (build 11.0.8+10-b944.6842174)
# Java VM: OpenJDK 64-Bit Server VM (11.0.8+10-b944.6842174, mixed mode, tiered, compressed oops, g1 gc, windows-amd64)
Heap:
 garbage-first heap   total 396288K, used 263895K [0x00000000e0000000, 0x0000000100000000)
  region size 1024K, 4 young (4096K), 4 survivors (4096K)
 Metaspace       used 142235K, capacity 146446K, committed 148024K, reserved 382976K
  class space    used 17296K, capacity 18742K, committed 19328K, reserved 253952K
GC Heap History (20 events):
Event: 326.560 GC heap after
{Heap after GC invocations=139 (full 0):
 garbage-first heap   total 262144K, used 220910K [0x00000000e0000000, 0x0000000100000000)
  region size 1024K, 2 young (2048K), 2 survivors (2048K)
 Metaspace       used 142275K, capacity 146520K, committed 148024K, reserved 382976K
  class space    used 17311K, capacity 18771K, committed 19328K, reserved 253952K
}
Event: 326.605 GC heap before
{Heap before GC invocations=139 (full 0):
 garbage-first heap   total 262144K, used 231150K [0x00000000e0000000, 0x0000000100000000)
  region size 1024K, 12 young (12288K), 2 survivors (2048K)
 Metaspace       used 142277K, capacity 146521K, committed 148024K, reserved 382976K
  class space    used 17311K, capacity 18771K, committed 19328K, reserved 253952K
}
Event: 326.616 GC heap after
{Heap after GC invocations=140 (full 0):
 garbage-first heap   total 262144K, used 224101K [0x00000000e0000000, 0x0000000100000000)
  region size 1024K, 2 young (2048K), 2 survivors (2048K)
 Metaspace       used 142277K, capacity 146521K, committed 148024K, reserved 382976K
  class space    used 17311K, capacity 18771K, committed 19328K, reserved 253952K
}
Event: 326.654 GC heap before
{Heap before GC invocations=140 (full 0):
 garbage-first heap   total 262144K, used 234341K [0x00000000e0000000, 0x0000000100000000)
  region size 1024K, 12 young (12288K), 2 survivors (2048K)
 Metaspace       used 142279K, capacity 146521K, committed 148024K, reserved 382976K
  class space    used 17311K, capacity 18771K, committed 19328K, reserved 253952K
}
Event: 326.666 GC heap after
{Heap after GC invocations=141 (full 0):
 garbage-first heap   total 284672K, used 226899K [0x00000000e0000000, 0x0000000100000000)
  region size 1024K, 2 young (2048K), 2 survivors (2048K)
 Metaspace       used 142279K, capacity 146521K, committed 148024K, reserved 382976K
  class space    used 17311K, capacity 18771K, committed 19328K, reserved 253952K
}
Event: 326.761 GC heap before
{Heap before GC invocations=141 (full 0):
 garbage-first heap   total 284672K, used 242259K [0x00000000e0000000, 0x0000000100000000)
  region size 1024K, 17 young (17408K), 2 survivors (2048K)
 Metaspace       used 142235K, capacity 146446K, committed 148024K, reserved 382976K
  class space    used 17296K, capacity 18742K, committed 19328K, reserved 253952K
}
Event: 326.778 GC heap after
{Heap after GC invocations=142 (full 0):
 garbage-first heap   total 284672K, used 230934K [0x00000000e0000000, 0x0000000100000000)
  region size 1024K, 3 young (3072K), 3 survivors (3072K)
 Metaspace       used 142235K, capacity 146446K, committed 148024K, reserved 382976K
  class space    used 17296K, capacity 18742K, committed 19328K, reserved 253952K
}
Event: 326.834 GC heap before
{Heap before GC invocations=142 (full 0):
 garbage-first heap   total 284672K, used 244246K [0x00000000e0000000, 0x0000000100000000)
  region size 1024K, 17 young (17408K), 3 survivors (3072K)
 Metaspace       used 142235K, capacity 146446K, committed 148024K, reserved 382976K
  class space    used 17296K, capacity 18742K, committed 19328K, reserved 253952K
}
Event: 326.852 GC heap after
{Heap after GC invocations=143 (full 0):
 garbage-first heap   total 284672K, used 235384K [0x00000000e0000000, 0x0000000100000000)
  region size 1024K, 3 young (3072K), 3 survivors (3072K)
 Metaspace       used 142235K, capacity 146446K, committed 148024K, reserved 382976K
  class space    used 17296K, capacity 18742K, committed 19328K, reserved 253952K
}
Event: 326.906 GC heap before
{Heap before GC invocations=143 (full 0):
 garbage-first heap   total 284672K, used 246648K [0x00000000e0000000, 0x0000000100000000)
  region size 1024K, 14 young (14336K), 3 survivors (3072K)
 Metaspace       used 142235K, capacity 146446K, committed 148024K, reserved 382976K
  class space    used 17296K, capacity 18742K, committed 19328K, reserved 253952K
}
Event: 326.921 GC heap after
{Heap after GC invocations=144 (full 0):
 garbage-first heap   total 284672K, used 239037K [0x00000000e0000000, 0x0000000100000000)
  region size 1024K, 2 young (2048K), 2 survivors (2048K)
 Metaspace       used 142235K, capacity 146446K, committed 148024K, reserved 382976K
  class space    used 17296K, capacity 18742K, committed 19328K, reserved 253952K
}
Event: 326.960 GC heap before
{Heap before GC invocations=144 (full 0):
 garbage-first heap   total 284672K, used 250301K [0x00000000e0000000, 0x0000000100000000)
  region size 1024K, 13 young (13312K), 2 survivors (2048K)
 Metaspace       used 142235K, capacity 146446K, committed 148024K, reserved 382976K
  class space    used 17296K, capacity 18742K, committed 19328K, reserved 253952K
}
Event: 326.980 GC heap after
{Heap after GC invocations=145 (full 0):
 garbage-first heap   total 332800K, used 242032K [0x00000000e0000000, 0x0000000100000000)
  region size 1024K, 2 young (2048K), 2 survivors (2048K)
 Metaspace       used 142235K, capacity 146446K, committed 148024K, reserved 382976K
  class space    used 17296K, capacity 18742K, committed 19328K, reserved 253952K
}
Event: 327.076 GC heap before
{Heap before GC invocations=146 (full 0):
 garbage-first heap   total 332800K, used 270704K [0x00000000e0000000, 0x0000000100000000)
  region size 1024K, 29 young (29696K), 2 survivors (2048K)
 Metaspace       used 142235K, capacity 146446K, committed 148024K, reserved 382976K
  class space    used 17296K, capacity 18742K, committed 19328K, reserved 253952K
}
Event: 327.097 GC heap after
{Heap after GC invocations=147 (full 0):
 garbage-first heap   total 332800K, used 250259K [0x00000000e0000000, 0x0000000100000000)
  region size 1024K, 4 young (4096K), 4 survivors (4096K)
 Metaspace       used 142235K, capacity 146446K, committed 148024K, reserved 382976K
  class space    used 17296K, capacity 18742K, committed 19328K, reserved 253952K
}
Event: 327.120 GC heap before
{Heap before GC invocations=147 (full 0):
 garbage-first heap   total 332800K, used 262547K [0x00000000e0000000, 0x0000000100000000)
  region size 1024K, 16 young (16384K), 4 survivors (4096K)
 Metaspace       used 142235K, capacity 146446K, committed 148024K, reserved 382976K
  class space    used 17296K, capacity 18742K, committed 19328K, reserved 253952K
}
Event: 327.146 GC heap after
{Heap after GC invocations=148 (full 0):
 garbage-first heap   total 332800K, used 250203K [0x00000000e0000000, 0x0000000100000000)
  region size 1024K, 2 young (2048K), 2 survivors (2048K)
 Metaspace       used 142235K, capacity 146446K, committed 148024K, reserved 382976K
  class space    used 17296K, capacity 18742K, committed 19328K, reserved 253952K
}
Event: 327.195 GC heap before
{Heap before GC invocations=148 (full 0):
 garbage-first heap   total 332800K, used 275803K [0x00000000e0000000, 0x0000000100000000)
  region size 1024K, 27 young (27648K), 2 survivors (2048K)
 Metaspace       used 142235K, capacity 146446K, committed 148024K, reserved 382976K
  class space    used 17296K, capacity 18742K, committed 19328K, reserved 253952K
}
Event: 327.215 GC heap after
{Heap after GC invocations=149 (full 0):
 garbage-first heap   total 332800K, used 257556K [0x00000000e0000000, 0x0000000100000000)
  region size 1024K, 4 young (4096K), 4 survivors (4096K)
 Metaspace       used 142235K, capacity 146446K, committed 148024K, reserved 382976K
  class space    used 17296K, capacity 18742K, committed 19328K, reserved 253952K
}
Event: 327.255 GC heap before
{Heap before GC invocations=149 (full 0):
 garbage-first heap   total 332800K, used 279060K [0x00000000e0000000, 0x0000000100000000)
  region size 1024K, 26 young (26624K), 4 survivors (4096K)
 Metaspace       used 142235K, capacity 146446K, committed 148024K, reserved 382976K
  class space    used 17296K, capacity 18742K, committed 19328K, reserved 253952K
}

