# JRE version: OpenJDK Runtime Environment (11.0.8+10) (build 11.0.8+10-b944.6842174)
# Java VM: OpenJDK 64-Bit Server VM (11.0.8+10-b944.6842174, mixed mode, tiered, compressed oops, g1 gc, windows-amd64)
Heap:
 garbage-first heap   total 320512K, used 264785K [0x00000000e0000000, 0x0000000100000000)
  region size 1024K, 60 young (61440K), 4 survivors (4096K)
 Metaspace       used 92149K, capacity 94534K, committed 95872K, reserved 337920K
  class space    used 11789K, capacity 12685K, committed 13184K, reserved 253952K
GC Heap History (20 events):
Event: 52.673 GC heap before
{Heap before GC invocations=103 (full 0):
 garbage-first heap   total 283648K, used 248614K [0x00000000e0000000, 0x0000000100000000)
  region size 1024K, 61 young (62464K), 5 survivors (5120K)
 Metaspace       used 92062K, capacity 94447K, committed 95872K, reserved 337920K
  class space    used 11787K, capacity 12682K, committed 13184K, reserved 253952K
}
Event: 52.684 GC heap after
{Heap after GC invocations=104 (full 0):
 garbage-first heap   total 293888K, used 192574K [0x00000000e0000000, 0x0000000100000000)
  region size 1024K, 6 young (6144K), 6 survivors (6144K)
 Metaspace       used 92062K, capacity 94447K, committed 95872K, reserved 337920K
  class space    used 11787K, capacity 12682K, committed 13184K, reserved 253952K
}
Event: 52.815 GC heap before
{Heap before GC invocations=104 (full 0):
 garbage-first heap   total 293888K, used 256062K [0x00000000e0000000, 0x0000000100000000)
  region size 1024K, 68 young (69632K), 6 survivors (6144K)
 Metaspace       used 92097K, capacity 94461K, committed 95872K, reserved 337920K
  class space    used 11789K, capacity 12685K, committed 13184K, reserved 253952K
}
Event: 52.826 GC heap after
{Heap after GC invocations=105 (full 0):
 garbage-first heap   total 293888K, used 193584K [0x00000000e0000000, 0x0000000100000000)
  region size 1024K, 6 young (6144K), 6 survivors (6144K)
 Metaspace       used 92097K, capacity 94461K, committed 95872K, reserved 337920K
  class space    used 11789K, capacity 12685K, committed 13184K, reserved 253952K
}
Event: 52.939 GC heap before
{Heap before GC invocations=105 (full 0):
 garbage-first heap   total 293888K, used 256048K [0x00000000e0000000, 0x0000000100000000)
  region size 1024K, 67 young (68608K), 6 survivors (6144K)
 Metaspace       used 92109K, capacity 94466K, committed 95872K, reserved 337920K
  class space    used 11789K, capacity 12685K, committed 13184K, reserved 253952K
}
Event: 52.950 GC heap after
{Heap after GC invocations=106 (full 0):
 garbage-first heap   total 293888K, used 194485K [0x00000000e0000000, 0x0000000100000000)
  region size 1024K, 6 young (6144K), 6 survivors (6144K)
 Metaspace       used 92109K, capacity 94466K, committed 95872K, reserved 337920K
  class space    used 11789K, capacity 12685K, committed 13184K, reserved 253952K
}
Event: 53.073 GC heap before
{Heap before GC invocations=106 (full 0):
 garbage-first heap   total 293888K, used 256949K [0x00000000e0000000, 0x0000000100000000)
  region size 1024K, 67 young (68608K), 6 survivors (6144K)
 Metaspace       used 92115K, capacity 94467K, committed 95872K, reserved 337920K
  class space    used 11789K, capacity 12685K, committed 13184K, reserved 253952K
}
Event: 53.085 GC heap after
{Heap after GC invocations=107 (full 0):
 garbage-first heap   total 293888K, used 195742K [0x00000000e0000000, 0x0000000100000000)
  region size 1024K, 7 young (7168K), 7 survivors (7168K)
 Metaspace       used 92115K, capacity 94467K, committed 95872K, reserved 337920K
  class space    used 11789K, capacity 12685K, committed 13184K, reserved 253952K
}
Event: 53.217 GC heap before
{Heap before GC invocations=107 (full 0):
 garbage-first heap   total 293888K, used 254110K [0x00000000e0000000, 0x0000000100000000)
  region size 1024K, 65 young (66560K), 7 survivors (7168K)
 Metaspace       used 92115K, capacity 94467K, committed 95872K, reserved 337920K
  class space    used 11789K, capacity 12685K, committed 13184K, reserved 253952K
}
Event: 53.230 GC heap after
{Heap after GC invocations=108 (full 0):
 garbage-first heap   total 306176K, used 196932K [0x00000000e0000000, 0x0000000100000000)
  region size 1024K, 6 young (6144K), 6 survivors (6144K)
 Metaspace       used 92115K, capacity 94467K, committed 95872K, reserved 337920K
  class space    used 11789K, capacity 12685K, committed 13184K, reserved 253952K
}
Event: 53.398 GC heap before
{Heap before GC invocations=108 (full 0):
 garbage-first heap   total 306176K, used 264516K [0x00000000e0000000, 0x0000000100000000)
  region size 1024K, 73 young (74752K), 6 survivors (6144K)
 Metaspace       used 92123K, capacity 94531K, committed 95872K, reserved 337920K
  class space    used 11789K, capacity 12685K, committed 13184K, reserved 253952K
}
Event: 53.411 GC heap after
{Heap after GC invocations=109 (full 0):
 garbage-first heap   total 306176K, used 199633K [0x00000000e0000000, 0x0000000100000000)
  region size 1024K, 7 young (7168K), 7 survivors (7168K)
 Metaspace       used 92123K, capacity 94531K, committed 95872K, reserved 337920K
  class space    used 11789K, capacity 12685K, committed 13184K, reserved 253952K
}
Event: 53.599 GC heap before
{Heap before GC invocations=109 (full 0):
 garbage-first heap   total 306176K, used 268241K [0x00000000e0000000, 0x0000000100000000)
  region size 1024K, 72 young (73728K), 7 survivors (7168K)
 Metaspace       used 92133K, capacity 94532K, committed 95872K, reserved 337920K
  class space    used 11789K, capacity 12685K, committed 13184K, reserved 253952K
}
Event: 53.614 GC heap after
{Heap after GC invocations=110 (full 0):
 garbage-first heap   total 306176K, used 205197K [0x00000000e0000000, 0x0000000100000000)
  region size 1024K, 7 young (7168K), 7 survivors (7168K)
 Metaspace       used 92133K, capacity 94532K, committed 95872K, reserved 337920K
  class space    used 11789K, capacity 12685K, committed 13184K, reserved 253952K
}
Event: 53.768 GC heap before
{Heap before GC invocations=110 (full 0):
 garbage-first heap   total 306176K, used 265613K [0x00000000e0000000, 0x0000000100000000)
  region size 1024K, 66 young (67584K), 7 survivors (7168K)
 Metaspace       used 92141K, capacity 94534K, committed 95872K, reserved 337920K
  class space    used 11789K, capacity 12685K, committed 13184K, reserved 253952K
}
Event: 53.780 GC heap after
{Heap after GC invocations=111 (full 0):
 garbage-first heap   total 306176K, used 210127K [0x00000000e0000000, 0x0000000100000000)
  region size 1024K, 9 young (9216K), 9 survivors (9216K)
 Metaspace       used 92141K, capacity 94534K, committed 95872K, reserved 337920K
  class space    used 11789K, capacity 12685K, committed 13184K, reserved 253952K
}
Event: 53.907 GC heap before
{Heap before GC invocations=111 (full 0):
 garbage-first heap   total 306176K, used 263375K [0x00000000e0000000, 0x0000000100000000)
  region size 1024K, 61 young (62464K), 9 survivors (9216K)
 Metaspace       used 92144K, capacity 94534K, committed 95872K, reserved 337920K
  class space    used 11789K, capacity 12685K, committed 13184K, reserved 253952K
}
Event: 53.921 GC heap after
{Heap after GC invocations=112 (full 0):
 garbage-first heap   total 320512K, used 207797K [0x00000000e0000000, 0x0000000100000000)
  region size 1024K, 4 young (4096K), 4 survivors (4096K)
 Metaspace       used 92144K, capacity 94534K, committed 95872K, reserved 337920K
  class space    used 11789K, capacity 12685K, committed 13184K, reserved 253952K
}
Event: 54.036 GC heap before
{Heap before GC invocations=112 (full 0):
 garbage-first heap   total 320512K, used 267189K [0x00000000e0000000, 0x0000000100000000)
  region size 1024K, 63 young (64512K), 4 survivors (4096K)
 Metaspace       used 92145K, capacity 94534K, committed 95872K, reserved 337920K
  class space    used 11789K, capacity 12685K, committed 13184K, reserved 253952K
}
Event: 54.043 GC heap after
{Heap after GC invocations=113 (full 0):
 garbage-first heap   total 320512K, used 208347K [0x00000000e0000000, 0x0000000100000000)
  region size 1024K, 4 young (4096K), 4 survivors (4096K)
 Metaspace       used 92145K, capacity 94534K, committed 95872K, reserved 337920K
  class space    used 11789K, capacity 12685K, committed 13184K, reserved 253952K
}

